0:0:0:0:0:0:0:1 -  -  [11/Apr/2013:11:47:12 +0000] "GET / HTTP/1.1" 200 - "-" "Mozilla/5.0 (X11; Linux x86_64) AppleWebKit/537.31 (KHTML, like Gecko) Chrome/26.0.1410.43 Safari/537.31"
0:0:0:0:0:0:0:1 -  -  [11/Apr/2013:11:47:12 +0000] "GET /jetty.css HTTP/1.1" 200 - "http://localhost:8080/" "Mozilla/5.0 (X11; Linux x86_64) AppleWebKit/537.31 (KHTML, like Gecko) Chrome/26.0.1410.43 Safari/537.31"
0:0:0:0:0:0:0:1 -  -  [11/Apr/2013:11:47:12 +0000] "GET /images/jetty-header.jpg HTTP/1.1" 200 - "http://localhost:8080/" "Mozilla/5.0 (X11; Linux x86_64) AppleWebKit/537.31 (KHTML, like Gecko) Chrome/26.0.1410.43 Safari/537.31"
0:0:0:0:0:0:0:1 -  -  [11/Apr/2013:11:47:13 +0000] "GET /favicon.ico HTTP/1.1" 404 300 "-" "Mozilla/5.0 (X11; Linux x86_64) AppleWebKit/537.31 (KHTML, like Gecko) Chrome/26.0.1410.43 Safari/537.31"
0:0:0:0:0:0:0:1 -  -  [11/Apr/2013:11:47:43 +0000] "GET / HTTP/1.1" 304 - "-" "Mozilla/5.0 (X11; Linux x86_64) AppleWebKit/537.31 (KHTML, like Gecko) Chrome/26.0.1410.43 Safari/537.31"
0:0:0:0:0:0:0:1 -  -  [11/Apr/2013:11:47:43 +0000] "GET /jetty.css HTTP/1.1" 304 - "http://localhost:8080/" "Mozilla/5.0 (X11; Linux x86_64) AppleWebKit/537.31 (KHTML, like Gecko) Chrome/26.0.1410.43 Safari/537.31"
0:0:0:0:0:0:0:1 -  -  [11/Apr/2013:11:47:43 +0000] "GET /images/jetty-header.jpg HTTP/1.1" 304 - "http://localhost:8080/" "Mozilla/5.0 (X11; Linux x86_64) AppleWebKit/537.31 (KHTML, like Gecko) Chrome/26.0.1410.43 Safari/537.31"
0:0:0:0:0:0:0:1 -  -  [11/Apr/2013:11:47:44 +0000] "GET /favicon.ico HTTP/1.1" 404 300 "-" "Mozilla/5.0 (X11; Linux x86_64) AppleWebKit/537.31 (KHTML, like Gecko) Chrome/26.0.1410.43 Safari/537.31"
0:0:0:0:0:0:0:1 -  -  [11/Apr/2013:11:47:53 +0000] "GET / HTTP/1.1" 304 - "-" "Mozilla/5.0 (X11; Linux x86_64) AppleWebKit/537.31 (KHTML, like Gecko) Chrome/26.0.1410.43 Safari/537.31"
0:0:0:0:0:0:0:1 -  -  [11/Apr/2013:11:47:53 +0000] "GET /jetty.css HTTP/1.1" 304 - "http://localhost:8080/" "Mozilla/5.0 (X11; Linux x86_64) AppleWebKit/537.31 (KHTML, like Gecko) Chrome/26.0.1410.43 Safari/537.31"
0:0:0:0:0:0:0:1 -  -  [11/Apr/2013:11:47:53 +0000] "GET /images/jetty-header.jpg HTTP/1.1" 304 - "http://localhost:8080/" "Mozilla/5.0 (X11; Linux x86_64) AppleWebKit/537.31 (KHTML, like Gecko) Chrome/26.0.1410.43 Safari/537.31"
0:0:0:0:0:0:0:1 -  -  [11/Apr/2013:11:47:54 +0000] "GET /favicon.ico HTTP/1.1" 404 300 "-" "Mozilla/5.0 (X11; Linux x86_64) AppleWebKit/537.31 (KHTML, like Gecko) Chrome/26.0.1410.43 Safari/537.31"
0:0:0:0:0:0:0:1 -  -  [11/Apr/2013:11:48:09 +0000] "GET / HTTP/1.1" 200 - "-" "Mozilla/5.0 (X11; Linux x86_64) AppleWebKit/537.31 (KHTML, like Gecko) Chrome/26.0.1410.43 Safari/537.31"
0:0:0:0:0:0:0:1 -  -  [11/Apr/2013:11:48:09 +0000] "GET /favicon.ico HTTP/1.1" 404 300 "-" "Mozilla/5.0 (X11; Linux x86_64) AppleWebKit/537.31 (KHTML, like Gecko) Chrome/26.0.1410.43 Safari/537.31"
0:0:0:0:0:0:0:1 -  -  [11/Apr/2013:11:48:13 +0000] "GET /test HTTP/1.1" 302 - "-" "Mozilla/5.0 (X11; Linux x86_64) AppleWebKit/537.31 (KHTML, like Gecko) Chrome/26.0.1410.43 Safari/537.31"
0:0:0:0:0:0:0:1 -  -  [11/Apr/2013:11:48:13 +0000] "GET /test/ HTTP/1.1" 200 - "-" "Mozilla/5.0 (X11; Linux x86_64) AppleWebKit/537.31 (KHTML, like Gecko) Chrome/26.0.1410.43 Safari/537.31"
0:0:0:0:0:0:0:1 -  -  [11/Apr/2013:11:48:13 +0000] "GET /test/jetty_banner.gif HTTP/1.1" 200 - "http://localhost:8080/test/" "Mozilla/5.0 (X11; Linux x86_64) AppleWebKit/537.31 (KHTML, like Gecko) Chrome/26.0.1410.43 Safari/537.31"
0:0:0:0:0:0:0:1 -  -  [11/Apr/2013:11:48:13 +0000] "GET /favicon.ico HTTP/1.1" 404 300 "-" "Mozilla/5.0 (X11; Linux x86_64) AppleWebKit/537.31 (KHTML, like Gecko) Chrome/26.0.1410.43 Safari/537.31"
0:0:0:0:0:0:0:1 -  -  [11/Apr/2013:11:48:15 +0000] "GET / HTTP/1.1" 304 - "-" "Mozilla/5.0 (X11; Linux x86_64) AppleWebKit/537.31 (KHTML, like Gecko) Chrome/26.0.1410.43 Safari/537.31"
0:0:0:0:0:0:0:1 -  -  [11/Apr/2013:11:48:15 +0000] "GET /favicon.ico HTTP/1.1" 404 300 "-" "Mozilla/5.0 (X11; Linux x86_64) AppleWebKit/537.31 (KHTML, like Gecko) Chrome/26.0.1410.43 Safari/537.31"
